<?xml version="1.0" encoding="UTF-8"?>
<testng-results ignored="0" total="4" passed="3" failed="1" skipped="0">
  <reporter-output>
    <line>
      <![CDATA[Username:vidya]]>
    </line>
    <line>
      <![CDATA[Password:syntax@10]]>
    </line>
    <line>
      <![CDATA[Room:TestServer_2024B264bit.CV2024B2_64bitDB]]>
    </line>
    <line>
      <![CDATA[captch is not displayed]]>
    </line>
    <line>
      <![CDATA[Remember me checkbox is selected]]>
    </line>
    <line>
      <![CDATA[Username: ]]>
    </line>
    <line>
      <![CDATA[Password:]]>
    </line>
    <line>
      <![CDATA[Room: ]]>
    </line>
    <line>
      <![CDATA[DocumentType is:CVReports]]>
    </line>
    <line>
      <![CDATA[IndexValue is:Test document]]>
    </line>
    <line>
      <![CDATA[New Document Button is clicked ]]>
    </line>
    <line>
      <![CDATA[Folder location is: ]]>
    </line>
    <line>
      <![CDATA[document type is selected]]>
    </line>
    <line>
      <![CDATA[Index value is:Test document]]>
    </line>
    <line>
      <![CDATA[Menu items areBrowse...
Camera
Scan...
New Word Document
New Excel Spreadsheet
New Pdf Document]]>
    </line>
    <line>
      <![CDATA[Menu items are displayed]]>
    </line>
    <line>
      <![CDATA[Navigate Button is clicked ]]>
    </line>
    <line>
      <![CDATA[File not added]]>
    </line>
    <line>
      <![CDATA[Pages are uploaded successfully]]>
    </line>
    <line>
      <![CDATA[Document is Saved successfully ]]>
    </line>
    <line>
      <![CDATA[Closing the viewer]]>
    </line>
    <line>
      <![CDATA[Document is not updated]]>
    </line>
    <line>
      <![CDATA[Recent Folder::[[ChromeDriver: chrome on windows (93201b53612baeb31d28318e19e54283)] -> xpath: //table[@id='recentFolders']/tbody/tr[1]/td[1]]]]>
    </line>
    <line>
      <![CDATA[Recent Document::[[ChromeDriver: chrome on windows (93201b53612baeb31d28318e19e54283)] -> xpath: .//table[@id='recentDocuments']/tbody/tr[1]/td[1]]]]>
    </line>
    <line>
      <![CDATA[The alert is not present]]>
    </line>
    <line>
      <![CDATA[Thumbnail is selected ]]>
    </line>
    <line>
      <![CDATA[View menu icon is selected ]]>
    </line>
    <line>
      <![CDATA[FullScreen icon is selected ]]>
    </line>
    <line>
      <![CDATA[FullScreen icon is selected again ]]>
    </line>
    <line>
      <![CDATA[Show thumbnails icon is selected  ]]>
    </line>
    <line>
      <![CDATA[Show thumbnails icon is selected again ]]>
    </line>
    <line>
      <![CDATA[Single page is selected  ]]>
    </line>
    <line>
      <![CDATA[Double page is selected]]>
    </line>
    <line>
      <![CDATA[Vertical page is selected]]>
    </line>
    <line>
      <![CDATA[Horizontal page is selected]]>
    </line>
    <line>
      <![CDATA[Comments are added]]>
    </line>
    <line>
      <![CDATA[Comments are edited]]>
    </line>
    <line>
      <![CDATA[Page menu icon is selected ]]>
    </line>
    <line>
      <![CDATA[Copy icon is enabled and selected ]]>
    </line>
    <line>
      <![CDATA[Page is copied successfully]]>
    </line>
    <line>
      <![CDATA[Page menu icon is selected again ]]>
    </line>
    <line>
      <![CDATA[Paste icon is selected ]]>
    </line>
    <line>
      <![CDATA[Page is Pasted successfully]]>
    </line>
    <line>
      <![CDATA[Document is deleted successfully ]]>
    </line>
    <line>
      <![CDATA[Document is Saved successfully ]]>
    </line>
    <line>
      <![CDATA[View as PDF menu icon is selected ]]>
    </line>
    <line>
      <![CDATA[View as PDF link  is selected ]]>
    </line>
    <line>
      <![CDATA[Download all Pages]]>
    </line>
    <line>
      <![CDATA[Download first Page]]>
    </line>
    <line>
      <![CDATA[Closing the viewer]]>
    </line>
    <line>
      <![CDATA[Cabinet:New Cabinet]]>
    </line>
    <line>
      <![CDATA[Drawer:New Drawer]]>
    </line>
    <line>
      <![CDATA[Folder:New Folder]]>
    </line>
    <line>
      <![CDATA[ExistingCabinet:: CustomColumn]]>
    </line>
    <line>
      <![CDATA[Existing cabinet is selected]]>
    </line>
    <line>
      <![CDATA[Drawer is selected]]>
    </line>
    <line>
      <![CDATA[Folder is selected]]>
    </line>
    <line>
      <![CDATA[DocumentType is:CVReports]]>
    </line>
    <line>
      <![CDATA[IndexValue is:Test document]]>
    </line>
    <line>
      <![CDATA[New Document Button is clicked ]]>
    </line>
    <line>
      <![CDATA[Menu items areBrowse...
Camera
Scan...
New Word Document
New Excel Spreadsheet
New Pdf Document]]>
    </line>
    <line>
      <![CDATA[Menu items are displayed]]>
    </line>
    <line>
      <![CDATA[Folder location is: CustomColumn\New Drawer\New Folder]]>
    </line>
    <line>
      <![CDATA[document type is selected]]>
    </line>
    <line>
      <![CDATA[Index value is:Test document]]>
    </line>
    <line>
      <![CDATA[Alert is not present]]>
    </line>
    <line>
      <![CDATA[View Button is clicked ]]>
    </line>
    <line>
      <![CDATA[Comments are added]]>
    </line>
    <line>
      <![CDATA[Comments are edited]]>
    </line>
    <line>
      <![CDATA[Thumbnail is selected ]]>
    </line>
    <line>
      <![CDATA[View menu icon is selected ]]>
    </line>
    <line>
      <![CDATA[FullScreen icon is selected ]]>
    </line>
    <line>
      <![CDATA[FullScreen icon is selected again ]]>
    </line>
    <line>
      <![CDATA[Show thumbnails icon is selected  ]]>
    </line>
    <line>
      <![CDATA[Show thumbnails icon is selected again ]]>
    </line>
    <line>
      <![CDATA[Single page is selected  ]]>
    </line>
    <line>
      <![CDATA[Double page is selected]]>
    </line>
    <line>
      <![CDATA[Vertical page is selected]]>
    </line>
    <line>
      <![CDATA[Horizontal page is selected]]>
    </line>
    <line>
      <![CDATA[Page menu icon is selected ]]>
    </line>
    <line>
      <![CDATA[Copy icon is enabled and selected ]]>
    </line>
    <line>
      <![CDATA[Page is copied successfully]]>
    </line>
    <line>
      <![CDATA[Page menu icon is selected again ]]>
    </line>
    <line>
      <![CDATA[Paste icon is selected ]]>
    </line>
    <line>
      <![CDATA[Page is Pasted successfully]]>
    </line>
    <line>
      <![CDATA[Document is deleted successfully ]]>
    </line>
    <line>
      <![CDATA[Document is Saved successfully ]]>
    </line>
    <line>
      <![CDATA[View as PDF menu icon is selected ]]>
    </line>
    <line>
      <![CDATA[View as PDF link  is selected ]]>
    </line>
    <line>
      <![CDATA[Download all Pages]]>
    </line>
    <line>
      <![CDATA[Download first Page]]>
    </line>
    <line>
      <![CDATA[Closing the viewer]]>
    </line>
    <line>
      <![CDATA[Logout Button is clicked ]]>
    </line>
  </reporter-output>
  <suite started-at="2025-01-01T20:17:30 IST" name="Suite" finished-at="2025-01-01T20:23:32 IST" duration-ms="361704">
    <groups>
    </groups>
    <test started-at="2025-01-01T20:17:30 IST" name="Test1" finished-at="2025-01-01T20:23:32 IST" duration-ms="361704">
      <class name="Scripts.NewTestDocuments">
        <test-method is-config="true" signature="beforeTest(java.lang.String)[pri:0, instance:Scripts.NewTestDocuments@7ae0a9ec]" started-at="2025-01-01T20:17:30 IST" name="beforeTest" finished-at="2025-01-01T20:17:34 IST" duration-ms="4399" status="PASS">
          <params>
            <param index="0">
              <value>
                <![CDATA[chrome]]>
              </value>
            </param>
          </params>
          <reporter-output>
          </reporter-output>
        </test-method> <!-- beforeTest -->
        <test-method signature="testValidLogin()[pri:1, instance:Scripts.NewTestDocuments@7ae0a9ec]" started-at="2025-01-01T20:17:34 IST" name="testValidLogin" finished-at="2025-01-01T20:18:20 IST" duration-ms="45406" status="FAIL">
          <exception class="org.openqa.selenium.NoSuchElementException">
            <message>
              <![CDATA[no such element: Unable to locate element: {"method":"xpath","selector":"//*[@id='rooms']"}
  (Session info: chrome=131.0.6778.205)
For documentation on this error, please visit: https://www.selenium.dev/documentation/webdriver/troubleshooting/errors#no-such-element-exception
Build info: version: '4.12.1', revision: '8e34639b11'
System info: os.name: 'Windows 11', os.arch: 'amd64', os.version: '10.0', java.version: '22.0.2'
Driver info: org.openqa.selenium.chrome.ChromeDriver
Command: [93201b53612baeb31d28318e19e54283, findElement {using=xpath, value=//*[@id='rooms']}]
Capabilities {acceptInsecureCerts: false, browserName: chrome, browserVersion: 131.0.6778.205, chrome: {chromedriverVersion: 131.0.6778.204 (52183f9e99a..., userDataDir: C:\Users\vidya.h\AppData\Lo...}, fedcm:accounts: true, goog:chromeOptions: {debuggerAddress: localhost:55258}, networkConnectionEnabled: false, pageLoadStrategy: normal, platformName: windows, proxy: Proxy(), se:cdp: ws://localhost:55258/devtoo..., se:cdpVersion: 131.0.6778.205, setWindowRect: true, strictFileInteractability: false, timeouts: {implicit: 0, pageLoad: 300000, script: 30000}, unhandledPromptBehavior: dismiss and notify, webauthn:extension:credBlob: true, webauthn:extension:largeBlob: true, webauthn:extension:minPinLength: true, webauthn:extension:prf: true, webauthn:virtualAuthenticators: true}
Session ID: 93201b53612baeb31d28318e19e54283]]>
            </message>
            <full-stacktrace>
              <![CDATA[org.openqa.selenium.NoSuchElementException: no such element: Unable to locate element: {"method":"xpath","selector":"//*[@id='rooms']"}
  (Session info: chrome=131.0.6778.205)
For documentation on this error, please visit: https://www.selenium.dev/documentation/webdriver/troubleshooting/errors#no-such-element-exception
Build info: version: '4.12.1', revision: '8e34639b11'
System info: os.name: 'Windows 11', os.arch: 'amd64', os.version: '10.0', java.version: '22.0.2'
Driver info: org.openqa.selenium.chrome.ChromeDriver
Command: [93201b53612baeb31d28318e19e54283, findElement {using=xpath, value=//*[@id='rooms']}]
Capabilities {acceptInsecureCerts: false, browserName: chrome, browserVersion: 131.0.6778.205, chrome: {chromedriverVersion: 131.0.6778.204 (52183f9e99a..., userDataDir: C:\Users\vidya.h\AppData\Lo...}, fedcm:accounts: true, goog:chromeOptions: {debuggerAddress: localhost:55258}, networkConnectionEnabled: false, pageLoadStrategy: normal, platformName: windows, proxy: Proxy(), se:cdp: ws://localhost:55258/devtoo..., se:cdpVersion: 131.0.6778.205, setWindowRect: true, strictFileInteractability: false, timeouts: {implicit: 0, pageLoad: 300000, script: 30000}, unhandledPromptBehavior: dismiss and notify, webauthn:extension:credBlob: true, webauthn:extension:largeBlob: true, webauthn:extension:minPinLength: true, webauthn:extension:prf: true, webauthn:virtualAuthenticators: true}
Session ID: 93201b53612baeb31d28318e19e54283
at java.base/jdk.internal.reflect.DirectConstructorHandleAccessor.newInstance(DirectConstructorHandleAccessor.java:62)
at java.base/java.lang.reflect.Constructor.newInstanceWithCaller(Constructor.java:502)
at java.base/java.lang.reflect.Constructor.newInstance(Constructor.java:486)
at org.openqa.selenium.remote.codec.w3c.W3CHttpResponseCodec.createException(W3CHttpResponseCodec.java:200)
at org.openqa.selenium.remote.codec.w3c.W3CHttpResponseCodec.decode(W3CHttpResponseCodec.java:133)
at org.openqa.selenium.remote.codec.w3c.W3CHttpResponseCodec.decode(W3CHttpResponseCodec.java:52)
at org.openqa.selenium.remote.HttpCommandExecutor.execute(HttpCommandExecutor.java:191)
at org.openqa.selenium.remote.service.DriverCommandExecutor.invokeExecute(DriverCommandExecutor.java:196)
at org.openqa.selenium.remote.service.DriverCommandExecutor.execute(DriverCommandExecutor.java:171)
at org.openqa.selenium.remote.RemoteWebDriver.execute(RemoteWebDriver.java:602)
at org.openqa.selenium.remote.ElementLocation$ElementFinder$2.findElement(ElementLocation.java:165)
at org.openqa.selenium.remote.ElementLocation.findElement(ElementLocation.java:59)
at org.openqa.selenium.remote.RemoteWebDriver.findElement(RemoteWebDriver.java:359)
at org.openqa.selenium.remote.RemoteWebDriver.findElement(RemoteWebDriver.java:353)
at org.openqa.selenium.support.pagefactory.DefaultElementLocator.findElement(DefaultElementLocator.java:68)
at org.openqa.selenium.support.pagefactory.internal.LocatingElementHandler.invoke(LocatingElementHandler.java:38)
at jdk.proxy2/jdk.proxy2.$Proxy20.getTagName(Unknown Source)
at org.openqa.selenium.support.ui.Select.<init>(Select.java:43)
at Pom.LoginPage.<init>(LoginPage.java:74)
at Scripts.NewTestDocuments.testValidLogin(NewTestDocuments.java:33)
at java.base/jdk.internal.reflect.DirectMethodHandleAccessor.invoke(DirectMethodHandleAccessor.java:103)
at java.base/java.lang.reflect.Method.invoke(Method.java:580)
at org.testng.internal.MethodInvocationHelper.invokeMethod(MethodInvocationHelper.java:133)
at org.testng.internal.TestInvoker.invokeMethod(TestInvoker.java:598)
at org.testng.internal.TestInvoker.invokeTestMethod(TestInvoker.java:173)
at org.testng.internal.MethodRunner.runInSequence(MethodRunner.java:46)
at org.testng.internal.TestInvoker$MethodInvocationAgent.invoke(TestInvoker.java:824)
at org.testng.internal.TestInvoker.invokeTestMethods(TestInvoker.java:146)
at org.testng.internal.TestMethodWorker.invokeTestMethods(TestMethodWorker.java:146)
at org.testng.internal.TestMethodWorker.run(TestMethodWorker.java:128)
at java.base/java.util.ArrayList.forEach(ArrayList.java:1597)
at org.testng.TestRunner.privateRun(TestRunner.java:794)
at org.testng.TestRunner.run(TestRunner.java:596)
at org.testng.SuiteRunner.runTest(SuiteRunner.java:377)
at org.testng.SuiteRunner.runSequentially(SuiteRunner.java:371)
at org.testng.SuiteRunner.privateRun(SuiteRunner.java:332)
at org.testng.SuiteRunner.run(SuiteRunner.java:276)
at org.testng.SuiteRunnerWorker.runSuite(SuiteRunnerWorker.java:53)
at org.testng.SuiteRunnerWorker.run(SuiteRunnerWorker.java:96)
at org.testng.TestNG.runSuitesSequentially(TestNG.java:1212)
at org.testng.TestNG.runSuitesLocally(TestNG.java:1134)
at org.testng.TestNG.runSuites(TestNG.java:1063)
at org.testng.TestNG.run(TestNG.java:1031)
at org.testng.remote.AbstractRemoteTestNG.run(AbstractRemoteTestNG.java:115)
at org.testng.remote.RemoteTestNG.initAndRun(RemoteTestNG.java:293)
at org.testng.remote.RemoteTestNG.main(RemoteTestNG.java:91)
]]>
            </full-stacktrace>
          </exception> <!-- org.openqa.selenium.NoSuchElementException -->
          <reporter-output>
            <line>
              <![CDATA[Username:vidya]]>
            </line>
            <line>
              <![CDATA[Password:syntax@10]]>
            </line>
            <line>
              <![CDATA[Room:TestServer_2024B264bit.CV2024B2_64bitDB]]>
            </line>
            <line>
              <![CDATA[captch is not displayed]]>
            </line>
            <line>
              <![CDATA[Remember me checkbox is selected]]>
            </line>
            <line>
              <![CDATA[Username: ]]>
            </line>
            <line>
              <![CDATA[Password:]]>
            </line>
            <line>
              <![CDATA[Room: ]]>
            </line>
          </reporter-output>
        </test-method> <!-- testValidLogin -->
        <test-method is-config="true" signature="screenShot(org.testng.ITestResult)[pri:0, instance:Scripts.NewTestDocuments@7ae0a9ec]" started-at="2025-01-01T20:18:20 IST" name="screenShot" finished-at="2025-01-01T20:18:20 IST" duration-ms="123" status="PASS">
          <params>
            <param index="0">
              <value>
                <![CDATA[[TestResult name=testValidLogin status=FAILURE method=NewTestDocuments.testValidLogin()[pri:1, instance:Scripts.NewTestDocuments@7ae0a9ec] output=Username:vidya]]]>
              </value>
            </param>
          </params>
          <reporter-output>
          </reporter-output>
        </test-method> <!-- screenShot -->
        <test-method signature="Createopen()[pri:2, instance:Scripts.NewTestDocuments@7ae0a9ec]" started-at="2025-01-01T20:18:20 IST" name="Createopen" finished-at="2025-01-01T20:18:30 IST" duration-ms="9862" status="PASS">
          <reporter-output>
          </reporter-output>
        </test-method> <!-- Createopen -->
        <test-method signature="Createdoc1()[pri:3, instance:Scripts.NewTestDocuments@7ae0a9ec]" started-at="2025-01-01T20:18:30 IST" name="Createdoc1" finished-at="2025-01-01T20:21:10 IST" duration-ms="160480" status="PASS">
          <reporter-output>
            <line>
              <![CDATA[DocumentType is:CVReports]]>
            </line>
            <line>
              <![CDATA[IndexValue is:Test document]]>
            </line>
            <line>
              <![CDATA[New Document Button is clicked ]]>
            </line>
            <line>
              <![CDATA[Folder location is: ]]>
            </line>
            <line>
              <![CDATA[document type is selected]]>
            </line>
            <line>
              <![CDATA[Index value is:Test document]]>
            </line>
            <line>
              <![CDATA[Menu items areBrowse...
Camera
Scan...
New Word Document
New Excel Spreadsheet
New Pdf Document]]>
            </line>
            <line>
              <![CDATA[Menu items are displayed]]>
            </line>
            <line>
              <![CDATA[Navigate Button is clicked ]]>
            </line>
            <line>
              <![CDATA[File not added]]>
            </line>
            <line>
              <![CDATA[Pages are uploaded successfully]]>
            </line>
            <line>
              <![CDATA[Document is Saved successfully ]]>
            </line>
            <line>
              <![CDATA[Closing the viewer]]>
            </line>
            <line>
              <![CDATA[Document is not updated]]>
            </line>
            <line>
              <![CDATA[Recent Folder::[[ChromeDriver: chrome on windows (93201b53612baeb31d28318e19e54283)] -> xpath: //table[@id='recentFolders']/tbody/tr[1]/td[1]]]]>
            </line>
            <line>
              <![CDATA[Recent Document::[[ChromeDriver: chrome on windows (93201b53612baeb31d28318e19e54283)] -> xpath: .//table[@id='recentDocuments']/tbody/tr[1]/td[1]]]]>
            </line>
            <line>
              <![CDATA[The alert is not present]]>
            </line>
            <line>
              <![CDATA[Thumbnail is selected ]]>
            </line>
            <line>
              <![CDATA[View menu icon is selected ]]>
            </line>
            <line>
              <![CDATA[FullScreen icon is selected ]]>
            </line>
            <line>
              <![CDATA[FullScreen icon is selected again ]]>
            </line>
            <line>
              <![CDATA[Show thumbnails icon is selected  ]]>
            </line>
            <line>
              <![CDATA[Show thumbnails icon is selected again ]]>
            </line>
            <line>
              <![CDATA[Single page is selected  ]]>
            </line>
            <line>
              <![CDATA[Double page is selected]]>
            </line>
            <line>
              <![CDATA[Vertical page is selected]]>
            </line>
            <line>
              <![CDATA[Horizontal page is selected]]>
            </line>
            <line>
              <![CDATA[Comments are added]]>
            </line>
            <line>
              <![CDATA[Comments are edited]]>
            </line>
            <line>
              <![CDATA[Page menu icon is selected ]]>
            </line>
            <line>
              <![CDATA[Copy icon is enabled and selected ]]>
            </line>
            <line>
              <![CDATA[Page is copied successfully]]>
            </line>
            <line>
              <![CDATA[Page menu icon is selected again ]]>
            </line>
            <line>
              <![CDATA[Paste icon is selected ]]>
            </line>
            <line>
              <![CDATA[Page is Pasted successfully]]>
            </line>
            <line>
              <![CDATA[Document is deleted successfully ]]>
            </line>
            <line>
              <![CDATA[Document is Saved successfully ]]>
            </line>
            <line>
              <![CDATA[View as PDF menu icon is selected ]]>
            </line>
            <line>
              <![CDATA[View as PDF link  is selected ]]>
            </line>
            <line>
              <![CDATA[Download all Pages]]>
            </line>
            <line>
              <![CDATA[Download first Page]]>
            </line>
            <line>
              <![CDATA[Closing the viewer]]>
            </line>
          </reporter-output>
        </test-method> <!-- Createdoc1 -->
        <test-method is-config="true" signature="screenShot(org.testng.ITestResult)[pri:0, instance:Scripts.NewTestDocuments@7ae0a9ec]" started-at="2025-01-01T20:18:30 IST" name="screenShot" finished-at="2025-01-01T20:18:30 IST" duration-ms="0" status="PASS">
          <params>
            <param index="0">
              <value>
                <![CDATA[[TestResult name=Createopen status=SUCCESS method=NewTestDocuments.Createopen()[pri:2, instance:Scripts.NewTestDocuments@7ae0a9ec] output={null}]]]>
              </value>
            </param>
          </params>
          <reporter-output>
          </reporter-output>
        </test-method> <!-- screenShot -->
        <test-method is-config="true" signature="screenShot(org.testng.ITestResult)[pri:0, instance:Scripts.NewTestDocuments@7ae0a9ec]" started-at="2025-01-01T20:21:10 IST" name="screenShot" finished-at="2025-01-01T20:21:10 IST" duration-ms="1" status="PASS">
          <params>
            <param index="0">
              <value>
                <![CDATA[[TestResult name=Createdoc1 status=SUCCESS method=NewTestDocuments.Createdoc1()[pri:3, instance:Scripts.NewTestDocuments@7ae0a9ec] output=DocumentType is:CVReports]]]>
              </value>
            </param>
          </params>
          <reporter-output>
          </reporter-output>
        </test-method> <!-- screenShot -->
        <test-method signature="CreateNode()[pri:4, instance:Scripts.NewTestDocuments@7ae0a9ec]" started-at="2025-01-01T20:21:10 IST" name="CreateNode" finished-at="2025-01-01T20:23:32 IST" duration-ms="141389" status="PASS">
          <reporter-output>
            <line>
              <![CDATA[Cabinet:New Cabinet]]>
            </line>
            <line>
              <![CDATA[Drawer:New Drawer]]>
            </line>
            <line>
              <![CDATA[Folder:New Folder]]>
            </line>
            <line>
              <![CDATA[ExistingCabinet:: CustomColumn]]>
            </line>
            <line>
              <![CDATA[Existing cabinet is selected]]>
            </line>
            <line>
              <![CDATA[Drawer is selected]]>
            </line>
            <line>
              <![CDATA[Folder is selected]]>
            </line>
            <line>
              <![CDATA[DocumentType is:CVReports]]>
            </line>
            <line>
              <![CDATA[IndexValue is:Test document]]>
            </line>
            <line>
              <![CDATA[New Document Button is clicked ]]>
            </line>
            <line>
              <![CDATA[Menu items areBrowse...
Camera
Scan...
New Word Document
New Excel Spreadsheet
New Pdf Document]]>
            </line>
            <line>
              <![CDATA[Menu items are displayed]]>
            </line>
            <line>
              <![CDATA[Folder location is: CustomColumn\New Drawer\New Folder]]>
            </line>
            <line>
              <![CDATA[document type is selected]]>
            </line>
            <line>
              <![CDATA[Index value is:Test document]]>
            </line>
            <line>
              <![CDATA[Alert is not present]]>
            </line>
            <line>
              <![CDATA[View Button is clicked ]]>
            </line>
            <line>
              <![CDATA[Comments are added]]>
            </line>
            <line>
              <![CDATA[Comments are edited]]>
            </line>
            <line>
              <![CDATA[Thumbnail is selected ]]>
            </line>
            <line>
              <![CDATA[View menu icon is selected ]]>
            </line>
            <line>
              <![CDATA[FullScreen icon is selected ]]>
            </line>
            <line>
              <![CDATA[FullScreen icon is selected again ]]>
            </line>
            <line>
              <![CDATA[Show thumbnails icon is selected  ]]>
            </line>
            <line>
              <![CDATA[Show thumbnails icon is selected again ]]>
            </line>
            <line>
              <![CDATA[Single page is selected  ]]>
            </line>
            <line>
              <![CDATA[Double page is selected]]>
            </line>
            <line>
              <![CDATA[Vertical page is selected]]>
            </line>
            <line>
              <![CDATA[Horizontal page is selected]]>
            </line>
            <line>
              <![CDATA[Page menu icon is selected ]]>
            </line>
            <line>
              <![CDATA[Copy icon is enabled and selected ]]>
            </line>
            <line>
              <![CDATA[Page is copied successfully]]>
            </line>
            <line>
              <![CDATA[Page menu icon is selected again ]]>
            </line>
            <line>
              <![CDATA[Paste icon is selected ]]>
            </line>
            <line>
              <![CDATA[Page is Pasted successfully]]>
            </line>
            <line>
              <![CDATA[Document is deleted successfully ]]>
            </line>
            <line>
              <![CDATA[Document is Saved successfully ]]>
            </line>
            <line>
              <![CDATA[View as PDF menu icon is selected ]]>
            </line>
            <line>
              <![CDATA[View as PDF link  is selected ]]>
            </line>
            <line>
              <![CDATA[Download all Pages]]>
            </line>
            <line>
              <![CDATA[Download first Page]]>
            </line>
            <line>
              <![CDATA[Closing the viewer]]>
            </line>
            <line>
              <![CDATA[Logout Button is clicked ]]>
            </line>
          </reporter-output>
        </test-method> <!-- CreateNode -->
        <test-method is-config="true" signature="screenShot(org.testng.ITestResult)[pri:0, instance:Scripts.NewTestDocuments@7ae0a9ec]" started-at="2025-01-01T20:23:32 IST" name="screenShot" finished-at="2025-01-01T20:23:32 IST" duration-ms="1" status="PASS">
          <params>
            <param index="0">
              <value>
                <![CDATA[[TestResult name=CreateNode status=SUCCESS method=NewTestDocuments.CreateNode()[pri:4, instance:Scripts.NewTestDocuments@7ae0a9ec] output=Cabinet:New Cabinet]]]>
              </value>
            </param>
          </params>
          <reporter-output>
          </reporter-output>
        </test-method> <!-- screenShot -->
      </class> <!-- Scripts.NewTestDocuments -->
    </test> <!-- Test1 -->
  </suite> <!-- Suite -->
</testng-results>
